2018-11-21 22:59:13.229  INFO 14908 --- [restartedMain] c.t.TsingglobalAdminApplication          : Starting TsingglobalAdminApplication on tony with PID 14908 (D:\Develop\git\repository\tsingglobal_admin\bin\main started by tony in D:\Develop\git\repository\tsingglobal_admin)
2018-11-21 22:59:13.234  INFO 14908 --- [restartedMain] c.t.TsingglobalAdminApplication          : The following profiles are active: dev
2018-11-21 22:59:13.283  INFO 14908 --- [restartedMain] ConfigServletWebServerApplicationContext : Refreshing org.springframework.boot.web.servlet.context.AnnotationConfigServletWebServerApplicationContext@70ed6aa: startup date [Wed Nov 21 22:59:13 CST 2018]; root of context hierarchy
2018-11-21 22:59:15.121  INFO 14908 --- [restartedMain] org.xnio                                 : XNIO version 3.3.8.Final
2018-11-21 22:59:15.176  INFO 14908 --- [restartedMain] org.xnio.nio                             : XNIO NIO Implementation Version 3.3.8.Final
2018-11-21 22:59:15.257  WARN 14908 --- [restartedMain] io.undertow.websockets.jsr               : UT026009: XNIO worker was not set on WebSocketDeploymentInfo, the default worker will be used
2018-11-21 22:59:15.259  WARN 14908 --- [restartedMain] io.undertow.websockets.jsr               : UT026010: Buffer pool was not set on WebSocketDeploymentInfo, the default pool will be used
2018-11-21 22:59:15.288  INFO 14908 --- [restartedMain] io.undertow.servlet                      : Initializing Spring embedded WebApplicationContext
2018-11-21 22:59:15.288  INFO 14908 --- [restartedMain] o.s.web.context.ContextLoader            : Root WebApplicationContext: initialization completed in 2005 ms
2018-11-21 22:59:15.343  INFO 14908 --- [restartedMain] o.s.b.w.servlet.ServletRegistrationBean  : Servlet dispatcherServlet mapped to [/]
2018-11-21 22:59:15.347  INFO 14908 --- [restartedMain] o.s.b.w.servlet.FilterRegistrationBean   : Mapping filter: 'characterEncodingFilter' to: [/*]
2018-11-21 22:59:15.348  INFO 14908 --- [restartedMain] o.s.b.w.servlet.FilterRegistrationBean   : Mapping filter: 'hiddenHttpMethodFilter' to: [/*]
2018-11-21 22:59:15.349  INFO 14908 --- [restartedMain] o.s.b.w.servlet.FilterRegistrationBean   : Mapping filter: 'httpPutFormContentFilter' to: [/*]
2018-11-21 22:59:15.349  INFO 14908 --- [restartedMain] o.s.b.w.servlet.FilterRegistrationBean   : Mapping filter: 'requestContextFilter' to: [/*]
2018-11-21 22:59:16.011  INFO 14908 --- [restartedMain] o.s.w.s.handler.SimpleUrlHandlerMapping  : Mapped URL path [/**/favicon.ico] onto handler of type [class org.springframework.web.servlet.resource.ResourceHttpRequestHandler]
2018-11-21 22:59:16.224  INFO 14908 --- [restartedMain] s.w.s.m.m.a.RequestMappingHandlerAdapter : Looking for @ControllerAdvice: org.springframework.boot.web.servlet.context.AnnotationConfigServletWebServerApplicationContext@70ed6aa: startup date [Wed Nov 21 22:59:13 CST 2018]; root of context hierarchy
2018-11-21 22:59:16.321  INFO 14908 --- [restartedMain] s.w.s.m.m.a.RequestMappingHandlerMapping : Mapped "{[/system/org/getOrgForTree],methods=[GET]}" onto public void com.tsingglobal.system.org.controller.OrganizationController.listPermissionForTree(javax.servlet.http.HttpServletResponse) throws java.lang.Exception
2018-11-21 22:59:16.323  INFO 14908 --- [restartedMain] s.w.s.m.m.a.RequestMappingHandlerMapping : Mapped "{[/system/org/deleteOrgByCode],methods=[DELETE]}" onto public void com.tsingglobal.system.org.controller.OrganizationController.delOrganizationByCode(java.lang.String,javax.servlet.http.HttpServletResponse) throws java.lang.Exception
2018-11-21 22:59:16.324  INFO 14908 --- [restartedMain] s.w.s.m.m.a.RequestMappingHandlerMapping : Mapped "{[/system/org/putOrg],methods=[POST]}" onto public void com.tsingglobal.system.org.controller.OrganizationController.updateOrganization(com.tsingglobal.system.org.domain.OrganizationModel,javax.servlet.http.HttpServletResponse) throws java.lang.Exception
2018-11-21 22:59:16.325  INFO 14908 --- [restartedMain] s.w.s.m.m.a.RequestMappingHandlerMapping : Mapped "{[/system/org/getOrg/{id}],methods=[GET]}" onto public void com.tsingglobal.system.org.controller.OrganizationController.editOrganization(java.lang.Long,javax.servlet.http.HttpServletResponse) throws java.lang.Exception
2018-11-21 22:59:16.326  INFO 14908 --- [restartedMain] s.w.s.m.m.a.RequestMappingHandlerMapping : Mapped "{[/system/org/getNewOrg],methods=[GET]}" onto public void com.tsingglobal.system.org.controller.OrganizationController.addOrganization(java.lang.Long,int,javax.servlet.http.HttpServletResponse) throws java.lang.Exception
2018-11-21 22:59:16.327  INFO 14908 --- [restartedMain] s.w.s.m.m.a.RequestMappingHandlerMapping : Mapped "{[/system/org/viewOrg/{id}],methods=[GET]}" onto public void com.tsingglobal.system.org.controller.OrganizationController.viewOrganization(java.lang.Long)
2018-11-21 22:59:16.330  INFO 14908 --- [restartedMain] s.w.s.m.m.a.RequestMappingHandlerMapping : Mapped "{[/system/org/getOrgByPage],methods=[GET]}" onto public void com.tsingglobal.system.org.controller.OrganizationController.listOrganization(int,int,int) throws java.lang.Exception
2018-11-21 22:59:16.333  INFO 14908 --- [restartedMain] s.w.s.m.m.a.RequestMappingHandlerMapping : Mapped "{[/system/org/putNewOrg],methods=[POST]}" onto public void com.tsingglobal.system.org.controller.OrganizationController.saveOrganization(com.tsingglobal.system.org.domain.OrganizationModel,javax.servlet.http.HttpServletResponse) throws java.lang.Exception
2018-11-21 22:59:16.334  INFO 14908 --- [restartedMain] s.w.s.m.m.a.RequestMappingHandlerMapping : Mapped "{[/system/org/deleteOrg/{id}],methods=[DELETE]}" onto public void com.tsingglobal.system.org.controller.OrganizationController.delOrganization(java.lang.Long,javax.servlet.http.HttpServletResponse) throws java.lang.Exception
2018-11-21 22:59:16.339  INFO 14908 --- [restartedMain] s.w.s.m.m.a.RequestMappingHandlerMapping : Mapped "{[/system/permission/listPermissionForTree],methods=[GET]}" onto public void com.tsingglobal.system.permission.controller.PermissionController.listPermissionForTree(javax.servlet.http.HttpServletResponse) throws java.lang.Exception
2018-11-21 22:59:16.342  INFO 14908 --- [restartedMain] s.w.s.m.m.a.RequestMappingHandlerMapping : Mapped "{[/system/permission/getPermission/{id}],methods=[GET]}" onto public void com.tsingglobal.system.permission.controller.PermissionController.editPermission(java.lang.Long,javax.servlet.http.HttpServletResponse) throws java.lang.Exception
2018-11-21 22:59:16.342  INFO 14908 --- [restartedMain] s.w.s.m.m.a.RequestMappingHandlerMapping : Mapped "{[/system/permission/putNewPermission],methods=[POST]}" onto public void com.tsingglobal.system.permission.controller.PermissionController.savePermission(com.tsingglobal.system.permission.domain.PermissionModel,javax.servlet.http.HttpServletResponse) throws java.lang.Exception
2018-11-21 22:59:16.343  INFO 14908 --- [restartedMain] s.w.s.m.m.a.RequestMappingHandlerMapping : Mapped "{[/system/permission/putPermission],methods=[POST]}" onto public void com.tsingglobal.system.permission.controller.PermissionController.updatePermission(com.tsingglobal.system.permission.domain.PermissionModel,javax.servlet.http.HttpServletResponse) throws java.lang.Exception
2018-11-21 22:59:16.343  INFO 14908 --- [restartedMain] s.w.s.m.m.a.RequestMappingHandlerMapping : Mapped "{[/system/permission/getNewPermission],methods=[GET]}" onto public void com.tsingglobal.system.permission.controller.PermissionController.addPermission()
2018-11-21 22:59:16.344  INFO 14908 --- [restartedMain] s.w.s.m.m.a.RequestMappingHandlerMapping : Mapped "{[/system/permission/delPermission/{id}],methods=[GET]}" onto public void com.tsingglobal.system.permission.controller.PermissionController.delPermission(long[])
2018-11-21 22:59:16.345  INFO 14908 --- [restartedMain] s.w.s.m.m.a.RequestMappingHandlerMapping : Mapped "{[/system/permission/viewPermission/{id}],methods=[GET]}" onto public void com.tsingglobal.system.permission.controller.PermissionController.viewPermission(java.lang.Long,javax.servlet.http.HttpServletResponse) throws java.lang.Exception
2018-11-21 22:59:16.352  INFO 14908 --- [restartedMain] s.w.s.m.m.a.RequestMappingHandlerMapping : Mapped "{[/system/user/deleteUserForLogout],methods=[GET]}" onto public void com.tsingglobal.system.user.controller.UserController.deleteUserForLogout(javax.servlet.http.HttpServletRequest,javax.servlet.http.HttpServletResponse) throws java.lang.Exception
2018-11-21 22:59:16.354  INFO 14908 --- [restartedMain] s.w.s.m.m.a.RequestMappingHandlerMapping : Mapped "{[/system/user/putNewUser],methods=[POST]}" onto public void com.tsingglobal.system.user.controller.UserController.saveUser(com.tsingglobal.system.user.domain.UserModel,javax.servlet.http.HttpServletResponse) throws java.lang.Exception
2018-11-21 22:59:16.354  INFO 14908 --- [restartedMain] s.w.s.m.m.a.RequestMappingHandlerMapping : Mapped "{[/system/user/getUserForLogin],methods=[POST]}" onto public void com.tsingglobal.system.user.controller.UserController.login(com.tsingglobal.system.user.domain.UserModel,javax.servlet.http.HttpServletRequest,javax.servlet.http.HttpServletResponse) throws java.lang.Exception
2018-11-21 22:59:16.354  INFO 14908 --- [restartedMain] s.w.s.m.m.a.RequestMappingHandlerMapping : Mapped "{[/system/user/getNewUser],methods=[GET]}" onto public void com.tsingglobal.system.user.controller.UserController.addUser()
2018-11-21 22:59:16.356  INFO 14908 --- [restartedMain] s.w.s.m.m.a.RequestMappingHandlerMapping : Mapped "{[/system/user/delUser/{id}],methods=[DELETE]}" onto public void com.tsingglobal.system.user.controller.UserController.delUser(long) throws java.lang.Exception
2018-11-21 22:59:16.359  INFO 14908 --- [restartedMain] s.w.s.m.m.a.RequestMappingHandlerMapping : Mapped "{[/system/user/getUsers],methods=[GET]}" onto public void com.tsingglobal.system.user.controller.UserController.listUser(int,int,int) throws java.lang.Exception
2018-11-21 22:59:16.360  INFO 14908 --- [restartedMain] s.w.s.m.m.a.RequestMappingHandlerMapping : Mapped "{[/system/user/delUsers/{ids}],methods=[DELETE]}" onto public void com.tsingglobal.system.user.controller.UserController.delUsers(java.lang.String) throws java.lang.Exception
2018-11-21 22:59:16.361  INFO 14908 --- [restartedMain] s.w.s.m.m.a.RequestMappingHandlerMapping : Mapped "{[/system/user/viewUser/{id}],methods=[GET]}" onto public void com.tsingglobal.system.user.controller.UserController.viewUser(java.lang.Long)
2018-11-21 22:59:16.362  INFO 14908 --- [restartedMain] s.w.s.m.m.a.RequestMappingHandlerMapping : Mapped "{[/system/user/putUser],methods=[POST]}" onto public void com.tsingglobal.system.user.controller.UserController.updateUser(com.tsingglobal.system.user.domain.UserModel,javax.servlet.http.HttpServletResponse) throws java.lang.Exception
2018-11-21 22:59:16.363  INFO 14908 --- [restartedMain] s.w.s.m.m.a.RequestMappingHandlerMapping : Mapped "{[/system/user/getUser/{id}],methods=[GET]}" onto public void com.tsingglobal.system.user.controller.UserController.editUser(java.lang.Long) throws java.lang.Exception
2018-11-21 22:59:16.363  INFO 14908 --- [restartedMain] s.w.s.m.m.a.RequestMappingHandlerMapping : Mapped "{[/system/user/putUserForLock],methods=[POST]}" onto public void com.tsingglobal.system.user.controller.UserController.lockUser(com.tsingglobal.system.user.domain.UserModel,javax.servlet.http.HttpServletResponse) throws java.lang.Exception
2018-11-21 22:59:16.365  INFO 14908 --- [restartedMain] s.w.s.m.m.a.RequestMappingHandlerMapping : Mapped "{[/error]}" onto public org.springframework.http.ResponseEntity<java.util.Map<java.lang.String, java.lang.Object>> org.springframework.boot.autoconfigure.web.servlet.error.BasicErrorController.error(javax.servlet.http.HttpServletRequest)
2018-11-21 22:59:16.366  INFO 14908 --- [restartedMain] s.w.s.m.m.a.RequestMappingHandlerMapping : Mapped "{[/error],produces=[text/html]}" onto public org.springframework.web.servlet.ModelAndView org.springframework.boot.autoconfigure.web.servlet.error.BasicErrorController.errorHtml(javax.servlet.http.HttpServletRequest,javax.servlet.http.HttpServletResponse)
2018-11-21 22:59:16.418  INFO 14908 --- [restartedMain] o.s.w.s.handler.SimpleUrlHandlerMapping  : Mapped URL path [/webjars/**] onto handler of type [class org.springframework.web.servlet.resource.ResourceHttpRequestHandler]
2018-11-21 22:59:16.419  INFO 14908 --- [restartedMain] o.s.w.s.handler.SimpleUrlHandlerMapping  : Mapped URL path [/**] onto handler of type [class org.springframework.web.servlet.resource.ResourceHttpRequestHandler]
2018-11-21 22:59:16.508  INFO 14908 --- [restartedMain] o.s.b.a.w.s.WelcomePageHandlerMapping    : Adding welcome page: class path resource [static/index.html]
2018-11-21 22:59:16.751  INFO 14908 --- [restartedMain] o.s.w.s.v.f.FreeMarkerConfigurer         : ClassTemplateLoader for Spring macros added to FreeMarker configuration
2018-11-21 22:59:17.114  INFO 14908 --- [restartedMain] o.s.b.d.a.OptionalLiveReloadServer       : LiveReload server is running on port 35729
2018-11-21 22:59:17.152  INFO 14908 --- [restartedMain] o.s.j.e.a.AnnotationMBeanExporter        : Registering beans for JMX exposure on startup
2018-11-21 22:59:17.154  INFO 14908 --- [restartedMain] o.s.j.e.a.AnnotationMBeanExporter        : Bean with name 'dataSource' has been autodetected for JMX exposure
2018-11-21 22:59:17.162  INFO 14908 --- [restartedMain] o.s.j.e.a.AnnotationMBeanExporter        : Located MBean 'dataSource': registering with JMX server as MBean [com.zaxxer.hikari:name=dataSource,type=HikariDataSource]
2018-11-21 22:59:17.386  INFO 14908 --- [restartedMain] o.s.b.w.e.u.UndertowServletWebServer     : Undertow started on port(s) 80 (http) with context path ''
2018-11-21 22:59:17.395  INFO 14908 --- [restartedMain] c.t.TsingglobalAdminApplication          : Started TsingglobalAdminApplication in 4.599 seconds (JVM running for 5.214)
2018-11-21 22:59:25.374  INFO 14908 --- [XNIO-2 task-1] io.undertow.servlet                      : Initializing Spring FrameworkServlet 'dispatcherServlet'
2018-11-21 22:59:25.374  INFO 14908 --- [XNIO-2 task-1] o.s.web.servlet.DispatcherServlet        : FrameworkServlet 'dispatcherServlet': initialization started
2018-11-21 22:59:25.396  INFO 14908 --- [XNIO-2 task-1] o.s.web.servlet.DispatcherServlet        : FrameworkServlet 'dispatcherServlet': initialization completed in 21 ms
2018-11-21 22:59:25.907  INFO 14908 --- [XNIO-2 task-19] com.zaxxer.hikari.HikariDataSource       : HikariPool-1 - Starting...
2018-11-21 22:59:26.012  INFO 14908 --- [XNIO-2 task-19] com.zaxxer.hikari.HikariDataSource       : HikariPool-1 - Start completed.
2018-11-21 23:02:49.792  INFO 14908 --- [Thread-6] ConfigServletWebServerApplicationContext : Closing org.springframework.boot.web.servlet.context.AnnotationConfigServletWebServerApplicationContext@70ed6aa: startup date [Wed Nov 21 22:59:13 CST 2018]; root of context hierarchy
2018-11-21 23:02:49.798  INFO 14908 --- [Thread-6] o.s.j.e.a.AnnotationMBeanExporter        : Unregistering JMX-exposed beans on shutdown
2018-11-21 23:02:49.800  INFO 14908 --- [Thread-6] o.s.j.e.a.AnnotationMBeanExporter        : Unregistering JMX-exposed beans
2018-11-21 23:02:49.801  INFO 14908 --- [Thread-6] com.zaxxer.hikari.HikariDataSource       : HikariPool-1 - Shutdown initiated...
2018-11-21 23:02:49.806  INFO 14908 --- [Thread-6] com.zaxxer.hikari.HikariDataSource       : HikariPool-1 - Shutdown completed.
2018-11-21 23:02:49.807  INFO 14908 --- [Thread-6] io.undertow.servlet                      : Destroying Spring FrameworkServlet 'dispatcherServlet'
2018-11-21 23:02:50.008  INFO 14908 --- [restartedMain] c.t.TsingglobalAdminApplication          : Starting TsingglobalAdminApplication on tony with PID 14908 (D:\Develop\git\repository\tsingglobal_admin\bin\main started by tony in D:\Develop\git\repository\tsingglobal_admin)
2018-11-21 23:02:50.008  INFO 14908 --- [restartedMain] c.t.TsingglobalAdminApplication          : The following profiles are active: dev
2018-11-21 23:02:50.010  INFO 14908 --- [restartedMain] ConfigServletWebServerApplicationContext : Refreshing org.springframework.boot.web.servlet.context.AnnotationConfigServletWebServerApplicationContext@4b91e1fb: startup date [Wed Nov 21 23:02:50 CST 2018]; root of context hierarchy
2018-11-21 23:02:50.532  WARN 14908 --- [restartedMain] io.undertow.websockets.jsr               : UT026009: XNIO worker was not set on WebSocketDeploymentInfo, the default worker will be used
2018-11-21 23:02:50.532  WARN 14908 --- [restartedMain] io.undertow.websockets.jsr               : UT026010: Buffer pool was not set on WebSocketDeploymentInfo, the default pool will be used
2018-11-21 23:02:50.534  INFO 14908 --- [restartedMain] io.undertow.servlet                      : Initializing Spring embedded WebApplicationContext
2018-11-21 23:02:50.536  INFO 14908 --- [restartedMain] o.s.web.context.ContextLoader            : Root WebApplicationContext: initialization completed in 526 ms
2018-11-21 23:02:50.546  INFO 14908 --- [restartedMain] o.s.b.w.servlet.ServletRegistrationBean  : Servlet dispatcherServlet mapped to [/]
2018-11-21 23:02:50.547  INFO 14908 --- [restartedMain] o.s.b.w.servlet.FilterRegistrationBean   : Mapping filter: 'characterEncodingFilter' to: [/*]
2018-11-21 23:02:50.547  INFO 14908 --- [restartedMain] o.s.b.w.servlet.FilterRegistrationBean   : Mapping filter: 'hiddenHttpMethodFilter' to: [/*]
2018-11-21 23:02:50.548  INFO 14908 --- [restartedMain] o.s.b.w.servlet.FilterRegistrationBean   : Mapping filter: 'httpPutFormContentFilter' to: [/*]
2018-11-21 23:02:50.549  INFO 14908 --- [restartedMain] o.s.b.w.servlet.FilterRegistrationBean   : Mapping filter: 'requestContextFilter' to: [/*]
2018-11-21 23:02:50.727  INFO 14908 --- [restartedMain] o.s.w.s.handler.SimpleUrlHandlerMapping  : Mapped URL path [/**/favicon.ico] onto handler of type [class org.springframework.web.servlet.resource.ResourceHttpRequestHandler]
2018-11-21 23:02:50.777  INFO 14908 --- [restartedMain] s.w.s.m.m.a.RequestMappingHandlerAdapter : Looking for @ControllerAdvice: org.springframework.boot.web.servlet.context.AnnotationConfigServletWebServerApplicationContext@4b91e1fb: startup date [Wed Nov 21 23:02:50 CST 2018]; root of context hierarchy
2018-11-21 23:02:50.791  INFO 14908 --- [restartedMain] s.w.s.m.m.a.RequestMappingHandlerMapping : Mapped "{[/system/org/getOrgForTree],methods=[GET]}" onto public void com.tsingglobal.system.org.controller.OrganizationController.listPermissionForTree(javax.servlet.http.HttpServletResponse) throws java.lang.Exception
2018-11-21 23:02:50.791  INFO 14908 --- [restartedMain] s.w.s.m.m.a.RequestMappingHandlerMapping : Mapped "{[/system/org/deleteOrgByCode],methods=[DELETE]}" onto public void com.tsingglobal.system.org.controller.OrganizationController.delOrganizationByCode(java.lang.String,javax.servlet.http.HttpServletResponse) throws java.lang.Exception
2018-11-21 23:02:50.791  INFO 14908 --- [restartedMain] s.w.s.m.m.a.RequestMappingHandlerMapping : Mapped "{[/system/org/putOrg],methods=[POST]}" onto public void com.tsingglobal.system.org.controller.OrganizationController.updateOrganization(com.tsingglobal.system.org.domain.OrganizationModel,javax.servlet.http.HttpServletResponse) throws java.lang.Exception
2018-11-21 23:02:50.792  INFO 14908 --- [restartedMain] s.w.s.m.m.a.RequestMappingHandlerMapping : Mapped "{[/system/org/getOrg/{id}],methods=[GET]}" onto public void com.tsingglobal.system.org.controller.OrganizationController.editOrganization(java.lang.Long,javax.servlet.http.HttpServletResponse) throws java.lang.Exception
2018-11-21 23:02:50.792  INFO 14908 --- [restartedMain] s.w.s.m.m.a.RequestMappingHandlerMapping : Mapped "{[/system/org/getNewOrg],methods=[GET]}" onto public void com.tsingglobal.system.org.controller.OrganizationController.addOrganization(java.lang.Long,int,javax.servlet.http.HttpServletResponse) throws java.lang.Exception
2018-11-21 23:02:50.792  INFO 14908 --- [restartedMain] s.w.s.m.m.a.RequestMappingHandlerMapping : Mapped "{[/system/org/viewOrg/{id}],methods=[GET]}" onto public void com.tsingglobal.system.org.controller.OrganizationController.viewOrganization(java.lang.Long)
2018-11-21 23:02:50.792  INFO 14908 --- [restartedMain] s.w.s.m.m.a.RequestMappingHandlerMapping : Mapped "{[/system/org/getOrgByPage],methods=[GET]}" onto public void com.tsingglobal.system.org.controller.OrganizationController.listOrganization(int,int,int) throws java.lang.Exception
2018-11-21 23:02:50.793  INFO 14908 --- [restartedMain] s.w.s.m.m.a.RequestMappingHandlerMapping : Mapped "{[/system/org/putNewOrg],methods=[POST]}" onto public void com.tsingglobal.system.org.controller.OrganizationController.saveOrganization(com.tsingglobal.system.org.domain.OrganizationModel,javax.servlet.http.HttpServletResponse) throws java.lang.Exception
2018-11-21 23:02:50.793  INFO 14908 --- [restartedMain] s.w.s.m.m.a.RequestMappingHandlerMapping : Mapped "{[/system/org/deleteOrg/{id}],methods=[DELETE]}" onto public void com.tsingglobal.system.org.controller.OrganizationController.delOrganization(java.lang.Long,javax.servlet.http.HttpServletResponse) throws java.lang.Exception
2018-11-21 23:02:50.795  INFO 14908 --- [restartedMain] s.w.s.m.m.a.RequestMappingHandlerMapping : Mapped "{[/system/permission/listPermissionForTree],methods=[GET]}" onto public void com.tsingglobal.system.permission.controller.PermissionController.listPermissionForTree(javax.servlet.http.HttpServletResponse) throws java.lang.Exception
2018-11-21 23:02:50.795  INFO 14908 --- [restartedMain] s.w.s.m.m.a.RequestMappingHandlerMapping : Mapped "{[/system/permission/getPermission/{id}],methods=[GET]}" onto public void com.tsingglobal.system.permission.controller.PermissionController.editPermission(java.lang.Long,javax.servlet.http.HttpServletResponse) throws java.lang.Exception
2018-11-21 23:02:50.795  INFO 14908 --- [restartedMain] s.w.s.m.m.a.RequestMappingHandlerMapping : Mapped "{[/system/permission/putNewPermission],methods=[POST]}" onto public void com.tsingglobal.system.permission.controller.PermissionController.savePermission(com.tsingglobal.system.permission.domain.PermissionModel,javax.servlet.http.HttpServletResponse) throws java.lang.Exception
2018-11-21 23:02:50.796  INFO 14908 --- [restartedMain] s.w.s.m.m.a.RequestMappingHandlerMapping : Mapped "{[/system/permission/putPermission],methods=[POST]}" onto public void com.tsingglobal.system.permission.controller.PermissionController.updatePermission(com.tsingglobal.system.permission.domain.PermissionModel,javax.servlet.http.HttpServletResponse) throws java.lang.Exception
2018-11-21 23:02:50.796  INFO 14908 --- [restartedMain] s.w.s.m.m.a.RequestMappingHandlerMapping : Mapped "{[/system/permission/getNewPermission],methods=[GET]}" onto public void com.tsingglobal.system.permission.controller.PermissionController.addPermission()
2018-11-21 23:02:50.796  INFO 14908 --- [restartedMain] s.w.s.m.m.a.RequestMappingHandlerMapping : Mapped "{[/system/permission/delPermission/{id}],methods=[GET]}" onto public void com.tsingglobal.system.permission.controller.PermissionController.delPermission(long[])
2018-11-21 23:02:50.796  INFO 14908 --- [restartedMain] s.w.s.m.m.a.RequestMappingHandlerMapping : Mapped "{[/system/permission/viewPermission/{id}],methods=[GET]}" onto public void com.tsingglobal.system.permission.controller.PermissionController.viewPermission(java.lang.Long,javax.servlet.http.HttpServletResponse) throws java.lang.Exception
2018-11-21 23:02:50.805  INFO 14908 --- [restartedMain] s.w.s.m.m.a.RequestMappingHandlerMapping : Mapped "{[/system/user/deleteUserForLogout],methods=[GET]}" onto public void com.tsingglobal.system.user.controller.UserController.deleteUserForLogout(javax.servlet.http.HttpServletRequest,javax.servlet.http.HttpServletResponse) throws java.lang.Exception
2018-11-21 23:02:50.806  INFO 14908 --- [restartedMain] s.w.s.m.m.a.RequestMappingHandlerMapping : Mapped "{[/system/user/putNewUser],methods=[POST]}" onto public void com.tsingglobal.system.user.controller.UserController.saveUser(com.tsingglobal.system.user.domain.UserModel,javax.servlet.http.HttpServletResponse) throws java.lang.Exception
2018-11-21 23:02:50.806  INFO 14908 --- [restartedMain] s.w.s.m.m.a.RequestMappingHandlerMapping : Mapped "{[/system/user/getUserForLogin],methods=[POST]}" onto public void com.tsingglobal.system.user.controller.UserController.login(com.tsingglobal.system.user.domain.UserModel,javax.servlet.http.HttpServletRequest,javax.servlet.http.HttpServletResponse) throws java.lang.Exception
2018-11-21 23:02:50.807  INFO 14908 --- [restartedMain] s.w.s.m.m.a.RequestMappingHandlerMapping : Mapped "{[/system/user/getNewUser],methods=[GET]}" onto public void com.tsingglobal.system.user.controller.UserController.addUser()
2018-11-21 23:02:50.807  INFO 14908 --- [restartedMain] s.w.s.m.m.a.RequestMappingHandlerMapping : Mapped "{[/system/user/delUser/{id}],methods=[DELETE]}" onto public void com.tsingglobal.system.user.controller.UserController.delUser(long) throws java.lang.Exception
2018-11-21 23:02:50.807  INFO 14908 --- [restartedMain] s.w.s.m.m.a.RequestMappingHandlerMapping : Mapped "{[/system/user/getUsers],methods=[GET]}" onto public void com.tsingglobal.system.user.controller.UserController.listUser(int,int,int) throws java.lang.Exception
2018-11-21 23:02:50.807  INFO 14908 --- [restartedMain] s.w.s.m.m.a.RequestMappingHandlerMapping : Mapped "{[/system/user/delUsers/{ids}],methods=[DELETE]}" onto public void com.tsingglobal.system.user.controller.UserController.delUsers(java.lang.String) throws java.lang.Exception
2018-11-21 23:02:50.808  INFO 14908 --- [restartedMain] s.w.s.m.m.a.RequestMappingHandlerMapping : Mapped "{[/system/user/viewUser/{id}],methods=[GET]}" onto public void com.tsingglobal.system.user.controller.UserController.viewUser(java.lang.Long)
2018-11-21 23:02:50.808  INFO 14908 --- [restartedMain] s.w.s.m.m.a.RequestMappingHandlerMapping : Mapped "{[/system/user/putUser],methods=[POST]}" onto public void com.tsingglobal.system.user.controller.UserController.updateUser(com.tsingglobal.system.user.domain.UserModel,javax.servlet.http.HttpServletResponse) throws java.lang.Exception
2018-11-21 23:02:50.808  INFO 14908 --- [restartedMain] s.w.s.m.m.a.RequestMappingHandlerMapping : Mapped "{[/system/user/getUser/{id}],methods=[GET]}" onto public void com.tsingglobal.system.user.controller.UserController.editUser(java.lang.Long) throws java.lang.Exception
2018-11-21 23:02:50.808  INFO 14908 --- [restartedMain] s.w.s.m.m.a.RequestMappingHandlerMapping : Mapped "{[/system/user/putUserForLock],methods=[POST]}" onto public void com.tsingglobal.system.user.controller.UserController.lockUser(com.tsingglobal.system.user.domain.UserModel,javax.servlet.http.HttpServletResponse) throws java.lang.Exception
2018-11-21 23:02:50.810  INFO 14908 --- [restartedMain] s.w.s.m.m.a.RequestMappingHandlerMapping : Mapped "{[/error]}" onto public org.springframework.http.ResponseEntity<java.util.Map<java.lang.String, java.lang.Object>> org.springframework.boot.autoconfigure.web.servlet.error.BasicErrorController.error(javax.servlet.http.HttpServletRequest)
2018-11-21 23:02:50.811  INFO 14908 --- [restartedMain] s.w.s.m.m.a.RequestMappingHandlerMapping : Mapped "{[/error],produces=[text/html]}" onto public org.springframework.web.servlet.ModelAndView org.springframework.boot.autoconfigure.web.servlet.error.BasicErrorController.errorHtml(javax.servlet.http.HttpServletRequest,javax.servlet.http.HttpServletResponse)
2018-11-21 23:02:50.821  INFO 14908 --- [restartedMain] o.s.w.s.handler.SimpleUrlHandlerMapping  : Mapped URL path [/webjars/**] onto handler of type [class org.springframework.web.servlet.resource.ResourceHttpRequestHandler]
2018-11-21 23:02:50.821  INFO 14908 --- [restartedMain] o.s.w.s.handler.SimpleUrlHandlerMapping  : Mapped URL path [/**] onto handler of type [class org.springframework.web.servlet.resource.ResourceHttpRequestHandler]
2018-11-21 23:02:50.844  INFO 14908 --- [restartedMain] o.s.b.a.w.s.WelcomePageHandlerMapping    : Adding welcome page: class path resource [static/index.html]
2018-11-21 23:02:50.865  INFO 14908 --- [restartedMain] o.s.w.s.v.f.FreeMarkerConfigurer         : ClassTemplateLoader for Spring macros added to FreeMarker configuration
2018-11-21 23:02:50.998  INFO 14908 --- [restartedMain] o.s.b.d.a.OptionalLiveReloadServer       : LiveReload server is running on port 35729
2018-11-21 23:02:51.029  INFO 14908 --- [restartedMain] o.s.j.e.a.AnnotationMBeanExporter        : Registering beans for JMX exposure on startup
2018-11-21 23:02:51.031  INFO 14908 --- [restartedMain] o.s.j.e.a.AnnotationMBeanExporter        : Bean with name 'dataSource' has been autodetected for JMX exposure
2018-11-21 23:02:51.037  INFO 14908 --- [restartedMain] o.s.j.e.a.AnnotationMBeanExporter        : Located MBean 'dataSource': registering with JMX server as MBean [com.zaxxer.hikari:name=dataSource,type=HikariDataSource]
2018-11-21 23:02:51.053  INFO 14908 --- [restartedMain] o.s.b.w.e.u.UndertowServletWebServer     : Undertow started on port(s) 80 (http) with context path ''
2018-11-21 23:02:51.054  INFO 14908 --- [restartedMain] c.t.TsingglobalAdminApplication          : Started TsingglobalAdminApplication in 1.096 seconds (JVM running for 218.874)
2018-11-21 23:02:51.058  INFO 14908 --- [restartedMain] .ConditionEvaluationDeltaLoggingListener : Condition evaluation unchanged
2018-11-21 23:03:44.844  INFO 14908 --- [XNIO-3 task-1] io.undertow.servlet                      : Initializing Spring FrameworkServlet 'dispatcherServlet'
2018-11-21 23:03:44.847  INFO 14908 --- [XNIO-3 task-1] o.s.web.servlet.DispatcherServlet        : FrameworkServlet 'dispatcherServlet': initialization started
2018-11-21 23:03:44.862  INFO 14908 --- [XNIO-3 task-1] o.s.web.servlet.DispatcherServlet        : FrameworkServlet 'dispatcherServlet': initialization completed in 14 ms
2018-11-21 23:03:44.985  INFO 14908 --- [XNIO-3 task-4] com.zaxxer.hikari.HikariDataSource       : HikariPool-2 - Starting...
2018-11-21 23:03:44.986  INFO 14908 --- [XNIO-3 task-4] com.zaxxer.hikari.HikariDataSource       : HikariPool-2 - Start completed.
